<?xml version="1.0" encoding="UTF-8"?>
<!-- Generated by org.testng.reporters.JUnitReportReporter -->
<testsuite hostname="LAPTOP-IJTKHJ02" failures="0" tests="5" name="ExcelPractice.TestDataProvider" time="34.646" errors="0" timestamp="2025-04-17T10:51:52 IST" skipped="0">
  <testcase classname="ExcelPractice.TestDataProvider" name="f" time="7.492"/>
  <system-out/>
  <testcase classname="ExcelPractice.TestDataProvider" name="f" time="6.302"/>
  <system-out/>
  <testcase classname="ExcelPractice.TestDataProvider" name="f" time="5.950"/>
  <system-out/>
  <testcase classname="ExcelPractice.TestDataProvider" name="f" time="7.687"/>
  <system-out/>
  <testcase classname="ExcelPractice.TestDataProvider" name="f" time="7.215"/>
  <system-out/>
</testsuite> <!-- ExcelPractice.TestDataProvider -->
