<?xml version="1.0" encoding="UTF-8"?>
<!-- Generated by org.testng.reporters.JUnitReportReporter -->
<testsuite hostname="LAPTOP-IJTKHJ02" failures="0" tests="1" name="ExcelPractice.Singledata" time="1.078" errors="0" timestamp="2025-04-17T08:48:14 IST" skipped="0">
  <testcase classname="ExcelPractice.Singledata" name="f" time="1.078"/>
  <system-out/>
</testsuite> <!-- ExcelPractice.Singledata -->
