<?xml version="1.0" encoding="UTF-8"?>
<!-- Generated by org.testng.reporters.JUnitReportReporter -->
<testsuite hostname="LAPTOP-IJTKHJ02" failures="0" tests="5" name="ExcelPractice.MutipileUserStore2" time="33.737" errors="0" timestamp="2025-04-17T10:53:41 IST" skipped="0">
  <testcase classname="ExcelPractice.MutipileUserStore2" name="f" time="6.817"/>
  <system-out/>
  <testcase classname="ExcelPractice.MutipileUserStore2" name="f" time="7.247"/>
  <system-out/>
  <testcase classname="ExcelPractice.MutipileUserStore2" name="f" time="6.517"/>
  <system-out/>
  <testcase classname="ExcelPractice.MutipileUserStore2" name="f" time="6.501"/>
  <system-out/>
  <testcase classname="ExcelPractice.MutipileUserStore2" name="f" time="6.655"/>
  <system-out/>
</testsuite> <!-- ExcelPractice.MutipileUserStore2 -->
